.trae-build/app/intermediates/manifest_merge_blame_file/debug/processDebugMainManifest/manifest-merger-blame-debug-report.txt
1<?xml version="1.0" encoding="utf-8"?>
2<manifest xmlns:android="http://schemas.android.com/apk/res/android"
3    package="com.example.demo"
4    android:versionCode="1"
5    android:versionName="1.0" >
6
7    <uses-sdk
8        android:minSdkVersion="24"
9        android:targetSdkVersion="36" />
10
11    <uses-permission android:name="android.permission.INTERNET" />
11-->src\main\AndroidManifest.xml:5:5-67
11-->src\main\AndroidManifest.xml:5:22-64
12    <uses-permission android:name="android.permission.ACCESS_NETWORK_STATE" />
12-->src\main\AndroidManifest.xml:6:5-79
12-->src\main\AndroidManifest.xml:6:22-76
13    <uses-permission android:name="android.permission.SYSTEM_ALERT_WINDOW" />
13-->src\main\AndroidManifest.xml:7:5-78
13-->src\main\AndroidManifest.xml:7:22-75
14
15    <permission
15-->[androidx.core:core:1.17.0] AndroidManifest.xml:22:5-24:47
16        android:name="com.example.demo.DYNAMIC_RECEIVER_NOT_EXPORTED_PERMISSION"
16-->[androidx.core:core:1.17.0] AndroidManifest.xml:23:9-81
17        android:protectionLevel="signature" />
17-->[androidx.core:core:1.17.0] AndroidManifest.xml:24:9-44
18
19    <uses-permission android:name="com.example.demo.DYNAMIC_RECEIVER_NOT_EXPORTED_PERMISSION" />
19-->[androidx.core:core:1.17.0] AndroidManifest.xml:26:5-97
19-->[androidx.core:core:1.17.0] AndroidManifest.xml:26:22-94
20
21    <application
21-->src\main\AndroidManifest.xml:9:5-46:19
22        android:allowBackup="true"
22-->src\main\AndroidManifest.xml:10:9-35
23        android:appComponentFactory="androidx.core.app.CoreComponentFactory"
23-->[androidx.core:core:1.17.0] AndroidManifest.xml:28:18-86
24        android:dataExtractionRules="@xml/data_extraction_rules"
24-->src\main\AndroidManifest.xml:11:9-65
25        android:debuggable="true"
26        android:extractNativeLibs="false"
27        android:fullBackupContent="@xml/backup_rules"
27-->src\main\AndroidManifest.xml:12:9-54
28        android:icon="@mipmap/ic_launcher"
28-->src\main\AndroidManifest.xml:13:9-43
29        android:label="@string/app_name"
29-->src\main\AndroidManifest.xml:14:9-41
30        android:roundIcon="@mipmap/ic_launcher_round"
30-->src\main\AndroidManifest.xml:15:9-54
31        android:supportsRtl="true"
31-->src\main\AndroidManifest.xml:16:9-35
32        android:theme="@style/Theme.Demo"
32-->src\main\AndroidManifest.xml:17:9-42
33        android:usesCleartextTraffic="true" >
33-->src\main\AndroidManifest.xml:18:9-44
34        <activity
34-->src\main\AndroidManifest.xml:20:9-27:20
35            android:name="com.example.demo.MainActivity"
35-->src\main\AndroidManifest.xml:21:13-41
36            android:exported="true" >
36-->src\main\AndroidManifest.xml:22:13-36
37            <intent-filter>
37-->src\main\AndroidManifest.xml:23:13-26:29
38                <action android:name="android.intent.action.MAIN" />
38-->src\main\AndroidManifest.xml:24:17-69
38-->src\main\AndroidManifest.xml:24:25-66
39
40                <category android:name="android.intent.category.LAUNCHER" />
40-->src\main\AndroidManifest.xml:25:17-77
40-->src\main\AndroidManifest.xml:25:27-74
41            </intent-filter>
42        </activity>
43
44        <service
44-->src\main\AndroidManifest.xml:29:9-41:19
45            android:name="com.example.demo.AutoPaymentService"
45-->src\main\AndroidManifest.xml:30:13-47
46            android:exported="true"
46-->src\main\AndroidManifest.xml:31:13-36
47            android:label="@string/app_name"
47-->src\main\AndroidManifest.xml:32:13-45
48            android:permission="android.permission.BIND_ACCESSIBILITY_SERVICE" >
48-->src\main\AndroidManifest.xml:33:13-79
49            <intent-filter>
49-->src\main\AndroidManifest.xml:34:13-36:29
50                <action android:name="android.accessibilityservice.AccessibilityService" />
50-->src\main\AndroidManifest.xml:35:17-92
50-->src\main\AndroidManifest.xml:35:25-89
51            </intent-filter>
52
53            <meta-data
53-->src\main\AndroidManifest.xml:38:13-40:72
54                android:name="android.accessibilityservice"
54-->src\main\AndroidManifest.xml:39:17-60
55                android:resource="@xml/accessibility_service_config" />
55-->src\main\AndroidManifest.xml:40:17-69
56        </service>
57        <service
57-->src\main\AndroidManifest.xml:42:9-45:40
58            android:name="com.example.demo.FloatingMenuService"
58-->src\main\AndroidManifest.xml:43:13-48
59            android:enabled="true"
59-->src\main\AndroidManifest.xml:44:13-35
60            android:exported="false" />
60-->src\main\AndroidManifest.xml:45:13-37
61
62        <provider
62-->[androidx.emoji2:emoji2:1.3.0] AndroidManifest.xml:24:9-32:20
63            android:name="androidx.startup.InitializationProvider"
63-->[androidx.emoji2:emoji2:1.3.0] AndroidManifest.xml:25:13-67
64            android:authorities="com.example.demo.androidx-startup"
64-->[androidx.emoji2:emoji2:1.3.0] AndroidManifest.xml:26:13-68
65            android:exported="false" >
65-->[androidx.emoji2:emoji2:1.3.0] AndroidManifest.xml:27:13-37
66            <meta-data
66-->[androidx.emoji2:emoji2:1.3.0] AndroidManifest.xml:29:13-31:52
67                android:name="androidx.emoji2.text.EmojiCompatInitializer"
67-->[androidx.emoji2:emoji2:1.3.0] AndroidManifest.xml:30:17-75
68                android:value="androidx.startup" />
68-->[androidx.emoji2:emoji2:1.3.0] AndroidManifest.xml:31:17-49
69            <meta-data
69-->[androidx.lifecycle:lifecycle-process:2.6.2] AndroidManifest.xml:29:13-31:52
70                android:name="androidx.lifecycle.ProcessLifecycleInitializer"
70-->[androidx.lifecycle:lifecycle-process:2.6.2] AndroidManifest.xml:30:17-78
71                android:value="androidx.startup" />
71-->[androidx.lifecycle:lifecycle-process:2.6.2] AndroidManifest.xml:31:17-49
72            <meta-data
72-->[androidx.profileinstaller:profileinstaller:1.3.1] AndroidManifest.xml:29:13-31:52
73                android:name="androidx.profileinstaller.ProfileInstallerInitializer"
73-->[androidx.profileinstaller:profileinstaller:1.3.1] AndroidManifest.xml:30:17-85
74                android:value="androidx.startup" />
74-->[androidx.profileinstaller:profileinstaller:1.3.1] AndroidManifest.xml:31:17-49
75        </provider>
76
77        <receiver
77-->[androidx.profileinstaller:profileinstaller:1.3.1] AndroidManifest.xml:34:9-52:20
78            android:name="androidx.profileinstaller.ProfileInstallReceiver"
78-->[androidx.profileinstaller:profileinstaller:1.3.1] AndroidManifest.xml:35:13-76
79            android:directBootAware="false"
79-->[androidx.profileinstaller:profileinstaller:1.3.1] AndroidManifest.xml:36:13-44
80            android:enabled="true"
80-->[androidx.profileinstaller:profileinstaller:1.3.1] AndroidManifest.xml:37:13-35
81            android:exported="true"
81-->[androidx.profileinstaller:profileinstaller:1.3.1] AndroidManifest.xml:38:13-36
82            android:permission="android.permission.DUMP" >
82-->[androidx.profileinstaller:profileinstaller:1.3.1] AndroidManifest.xml:39:13-57
83            <intent-filter>
83-->[androidx.profileinstaller:profileinstaller:1.3.1] AndroidManifest.xml:40:13-42:29
84                <action android:name="androidx.profileinstaller.action.INSTALL_PROFILE" />
84-->[androidx.profileinstaller:profileinstaller:1.3.1] AndroidManifest.xml:41:17-91
84-->[androidx.profileinstaller:profileinstaller:1.3.1] AndroidManifest.xml:41:25-88
85            </intent-filter>
86            <intent-filter>
86-->[androidx.profileinstaller:profileinstaller:1.3.1] AndroidManifest.xml:43:13-45:29
87                <action android:name="androidx.profileinstaller.action.SKIP_FILE" />
87-->[androidx.profileinstaller:profileinstaller:1.3.1] AndroidManifest.xml:44:17-85
87-->[androidx.profileinstaller:profileinstaller:1.3.1] AndroidManifest.xml:44:25-82
88            </intent-filter>
89            <intent-filter>
89-->[androidx.profileinstaller:profileinstaller:1.3.1] AndroidManifest.xml:46:13-48:29
90                <action android:name="androidx.profileinstaller.action.SAVE_PROFILE" />
90-->[androidx.profileinstaller:profileinstaller:1.3.1] AndroidManifest.xml:47:17-88
90-->[androidx.profileinstaller:profileinstaller:1.3.1] AndroidManifest.xml:47:25-85
91            </intent-filter>
92            <intent-filter>
92-->[androidx.profileinstaller:profileinstaller:1.3.1] AndroidManifest.xml:49:13-51:29
93                <action android:name="androidx.profileinstaller.action.BENCHMARK_OPERATION" />
93-->[androidx.profileinstaller:profileinstaller:1.3.1] AndroidManifest.xml:50:17-95
93-->[androidx.profileinstaller:profileinstaller:1.3.1] AndroidManifest.xml:50:25-92
94            </intent-filter>
95        </receiver>
96    </application>
97
98</manifest>